INFO [2020-12-06 11:13:29] $filename
INFO [2020-12-06 11:13:29] NULL
INFO [2020-12-06 11:13:29] 
INFO [2020-12-06 11:13:29] $x
INFO [2020-12-06 11:13:29] list
INFO [2020-12-06 11:13:29] 
INFO [2020-12-06 11:13:29] $category.names
INFO [2020-12-06 11:13:29] input$contrastDegs2
INFO [2020-12-06 11:13:29] 
INFO [2020-12-06 11:13:29] $fill
INFO [2020-12-06 11:13:29] colors
INFO [2020-12-06 11:13:29] 
INFO [2020-12-06 11:13:29] $filename
INFO [2020-12-06 11:13:29] NULL
INFO [2020-12-06 11:13:29] 
INFO [2020-12-06 11:13:29] $x
INFO [2020-12-06 11:13:29] list
INFO [2020-12-06 11:13:29] 
INFO [2020-12-06 11:13:29] $category.names
INFO [2020-12-06 11:13:29] input$contrastDegs2
INFO [2020-12-06 11:13:29] 
INFO [2020-12-06 11:13:29] $fill
INFO [2020-12-06 11:13:29] colors
INFO [2020-12-06 11:13:29] 
INFO [2020-12-06 11:13:29] $filename
INFO [2020-12-06 11:13:29] NULL
INFO [2020-12-06 11:13:29] 
INFO [2020-12-06 11:13:29] $x
INFO [2020-12-06 11:13:29] list
INFO [2020-12-06 11:13:29] 
INFO [2020-12-06 11:13:29] $category.names
INFO [2020-12-06 11:13:29] input$contrastDegs2
INFO [2020-12-06 11:13:29] 
INFO [2020-12-06 11:13:29] $fill
INFO [2020-12-06 11:13:29] colors
INFO [2020-12-06 11:13:29] 
