INFO [2020-12-06 04:16:08] $filename
INFO [2020-12-06 04:16:08] NULL
INFO [2020-12-06 04:16:08] 
INFO [2020-12-06 04:16:08] $x
INFO [2020-12-06 04:16:08] list
INFO [2020-12-06 04:16:08] 
INFO [2020-12-06 04:16:08] $category.names
INFO [2020-12-06 04:16:08] input$contrastDegs1
INFO [2020-12-06 04:16:08] 
INFO [2020-12-06 04:16:08] $fill
INFO [2020-12-06 04:16:08] colors
INFO [2020-12-06 04:16:08] 
INFO [2020-12-06 04:16:08] $filename
INFO [2020-12-06 04:16:08] NULL
INFO [2020-12-06 04:16:08] 
INFO [2020-12-06 04:16:08] $x
INFO [2020-12-06 04:16:08] list
INFO [2020-12-06 04:16:08] 
INFO [2020-12-06 04:16:08] $category.names
INFO [2020-12-06 04:16:08] input$contrastDegs1
INFO [2020-12-06 04:16:08] 
INFO [2020-12-06 04:16:08] $fill
INFO [2020-12-06 04:16:08] colors
INFO [2020-12-06 04:16:08] 
INFO [2020-12-06 04:16:08] $filename
INFO [2020-12-06 04:16:08] NULL
INFO [2020-12-06 04:16:08] 
INFO [2020-12-06 04:16:08] $x
INFO [2020-12-06 04:16:08] list
INFO [2020-12-06 04:16:08] 
INFO [2020-12-06 04:16:08] $category.names
INFO [2020-12-06 04:16:08] input$contrastDegs1
INFO [2020-12-06 04:16:08] 
INFO [2020-12-06 04:16:08] $fill
INFO [2020-12-06 04:16:08] colors
INFO [2020-12-06 04:16:08] 
