INFO [2020-12-06 11:29:54] $filename
INFO [2020-12-06 11:29:54] NULL
INFO [2020-12-06 11:29:54] 
INFO [2020-12-06 11:29:54] $x
INFO [2020-12-06 11:29:54] list
INFO [2020-12-06 11:29:54] 
INFO [2020-12-06 11:29:54] $category.names
INFO [2020-12-06 11:29:54] input$contrastDegs2
INFO [2020-12-06 11:29:54] 
INFO [2020-12-06 11:29:54] $fill
INFO [2020-12-06 11:29:54] colors
INFO [2020-12-06 11:29:54] 
INFO [2020-12-06 11:29:54] $filename
INFO [2020-12-06 11:29:54] NULL
INFO [2020-12-06 11:29:54] 
INFO [2020-12-06 11:29:54] $x
INFO [2020-12-06 11:29:54] list
INFO [2020-12-06 11:29:54] 
INFO [2020-12-06 11:29:54] $category.names
INFO [2020-12-06 11:29:54] input$contrastDegs2
INFO [2020-12-06 11:29:54] 
INFO [2020-12-06 11:29:54] $fill
INFO [2020-12-06 11:29:54] colors
INFO [2020-12-06 11:29:54] 
INFO [2020-12-06 11:29:54] $filename
INFO [2020-12-06 11:29:54] NULL
INFO [2020-12-06 11:29:54] 
INFO [2020-12-06 11:29:54] $x
INFO [2020-12-06 11:29:54] list
INFO [2020-12-06 11:29:54] 
INFO [2020-12-06 11:29:54] $category.names
INFO [2020-12-06 11:29:54] input$contrastDegs2
INFO [2020-12-06 11:29:54] 
INFO [2020-12-06 11:29:54] $fill
INFO [2020-12-06 11:29:54] colors
INFO [2020-12-06 11:29:54] 
