INFO [2020-12-06 11:29:57] $filename
INFO [2020-12-06 11:29:57] NULL
INFO [2020-12-06 11:29:57] 
INFO [2020-12-06 11:29:57] $x
INFO [2020-12-06 11:29:57] list
INFO [2020-12-06 11:29:57] 
INFO [2020-12-06 11:29:57] $category.names
INFO [2020-12-06 11:29:57] input$contrastDegs2
INFO [2020-12-06 11:29:57] 
INFO [2020-12-06 11:29:57] $fill
INFO [2020-12-06 11:29:57] colors
INFO [2020-12-06 11:29:57] 
INFO [2020-12-06 11:29:57] $filename
INFO [2020-12-06 11:29:57] NULL
INFO [2020-12-06 11:29:57] 
INFO [2020-12-06 11:29:57] $x
INFO [2020-12-06 11:29:57] list
INFO [2020-12-06 11:29:57] 
INFO [2020-12-06 11:29:57] $category.names
INFO [2020-12-06 11:29:57] input$contrastDegs2
INFO [2020-12-06 11:29:57] 
INFO [2020-12-06 11:29:57] $fill
INFO [2020-12-06 11:29:57] colors
INFO [2020-12-06 11:29:57] 
INFO [2020-12-06 11:29:57] $filename
INFO [2020-12-06 11:29:57] NULL
INFO [2020-12-06 11:29:57] 
INFO [2020-12-06 11:29:57] $x
INFO [2020-12-06 11:29:57] list
INFO [2020-12-06 11:29:57] 
INFO [2020-12-06 11:29:57] $category.names
INFO [2020-12-06 11:29:57] input$contrastDegs2
INFO [2020-12-06 11:29:57] 
INFO [2020-12-06 11:29:57] $fill
INFO [2020-12-06 11:29:57] colors
INFO [2020-12-06 11:29:57] 
