INFO [2020-12-06 04:16:18] $filename
INFO [2020-12-06 04:16:18] NULL
INFO [2020-12-06 04:16:18] 
INFO [2020-12-06 04:16:18] $x
INFO [2020-12-06 04:16:18] list
INFO [2020-12-06 04:16:18] 
INFO [2020-12-06 04:16:18] $category.names
INFO [2020-12-06 04:16:18] input$contrastDegs2
INFO [2020-12-06 04:16:18] 
INFO [2020-12-06 04:16:18] $fill
INFO [2020-12-06 04:16:18] colors
INFO [2020-12-06 04:16:18] 
INFO [2020-12-06 04:16:18] $filename
INFO [2020-12-06 04:16:18] NULL
INFO [2020-12-06 04:16:18] 
INFO [2020-12-06 04:16:18] $x
INFO [2020-12-06 04:16:18] list
INFO [2020-12-06 04:16:18] 
INFO [2020-12-06 04:16:18] $category.names
INFO [2020-12-06 04:16:18] input$contrastDegs2
INFO [2020-12-06 04:16:18] 
INFO [2020-12-06 04:16:18] $fill
INFO [2020-12-06 04:16:18] colors
INFO [2020-12-06 04:16:18] 
