INFO [2020-12-06 04:17:58] $filename
INFO [2020-12-06 04:17:58] NULL
INFO [2020-12-06 04:17:58] 
INFO [2020-12-06 04:17:58] $x
INFO [2020-12-06 04:17:58] list
INFO [2020-12-06 04:17:58] 
INFO [2020-12-06 04:17:58] $category.names
INFO [2020-12-06 04:17:58] input$contrastDegs2
INFO [2020-12-06 04:17:58] 
INFO [2020-12-06 04:17:58] $fill
INFO [2020-12-06 04:17:58] colors
INFO [2020-12-06 04:17:58] 
INFO [2020-12-06 04:17:58] $filename
INFO [2020-12-06 04:17:58] NULL
INFO [2020-12-06 04:17:58] 
INFO [2020-12-06 04:17:58] $x
INFO [2020-12-06 04:17:58] list
INFO [2020-12-06 04:17:58] 
INFO [2020-12-06 04:17:58] $category.names
INFO [2020-12-06 04:17:58] input$contrastDegs2
INFO [2020-12-06 04:17:58] 
INFO [2020-12-06 04:17:58] $fill
INFO [2020-12-06 04:17:58] colors
INFO [2020-12-06 04:17:58] 
INFO [2020-12-06 04:17:58] $filename
INFO [2020-12-06 04:17:58] NULL
INFO [2020-12-06 04:17:58] 
INFO [2020-12-06 04:17:58] $x
INFO [2020-12-06 04:17:58] list
INFO [2020-12-06 04:17:58] 
INFO [2020-12-06 04:17:58] $category.names
INFO [2020-12-06 04:17:58] input$contrastDegs2
INFO [2020-12-06 04:17:58] 
INFO [2020-12-06 04:17:58] $fill
INFO [2020-12-06 04:17:58] colors
INFO [2020-12-06 04:17:58] 
