INFO [2020-12-06 04:17:54] $filename
INFO [2020-12-06 04:17:54] NULL
INFO [2020-12-06 04:17:54] 
INFO [2020-12-06 04:17:54] $x
INFO [2020-12-06 04:17:54] list
INFO [2020-12-06 04:17:54] 
INFO [2020-12-06 04:17:54] $category.names
INFO [2020-12-06 04:17:54] input$contrastDegs1
INFO [2020-12-06 04:17:54] 
INFO [2020-12-06 04:17:54] $fill
INFO [2020-12-06 04:17:54] colors
INFO [2020-12-06 04:17:54] 
INFO [2020-12-06 04:17:54] $filename
INFO [2020-12-06 04:17:54] NULL
INFO [2020-12-06 04:17:54] 
INFO [2020-12-06 04:17:54] $x
INFO [2020-12-06 04:17:54] list
INFO [2020-12-06 04:17:54] 
INFO [2020-12-06 04:17:54] $category.names
INFO [2020-12-06 04:17:54] input$contrastDegs1
INFO [2020-12-06 04:17:54] 
INFO [2020-12-06 04:17:54] $fill
INFO [2020-12-06 04:17:54] colors
INFO [2020-12-06 04:17:54] 
