INFO [2020-12-06 11:47:46] $filename
INFO [2020-12-06 11:47:46] NULL
INFO [2020-12-06 11:47:46] 
INFO [2020-12-06 11:47:46] $x
INFO [2020-12-06 11:47:46] list
INFO [2020-12-06 11:47:46] 
INFO [2020-12-06 11:47:46] $category.names
INFO [2020-12-06 11:47:46] input$contrastDegs2
INFO [2020-12-06 11:47:46] 
INFO [2020-12-06 11:47:46] $fill
INFO [2020-12-06 11:47:46] colors
INFO [2020-12-06 11:47:46] 
INFO [2020-12-06 11:47:46] $filename
INFO [2020-12-06 11:47:46] NULL
INFO [2020-12-06 11:47:46] 
INFO [2020-12-06 11:47:46] $x
INFO [2020-12-06 11:47:46] list
INFO [2020-12-06 11:47:46] 
INFO [2020-12-06 11:47:46] $category.names
INFO [2020-12-06 11:47:46] input$contrastDegs2
INFO [2020-12-06 11:47:46] 
INFO [2020-12-06 11:47:46] $fill
INFO [2020-12-06 11:47:46] colors
INFO [2020-12-06 11:47:46] 
