INFO [2020-12-06 11:47:38] $filename
INFO [2020-12-06 11:47:38] NULL
INFO [2020-12-06 11:47:38] 
INFO [2020-12-06 11:47:38] $x
INFO [2020-12-06 11:47:38] list
INFO [2020-12-06 11:47:38] 
INFO [2020-12-06 11:47:38] $category.names
INFO [2020-12-06 11:47:38] isolate(input$contrastDegs1)
INFO [2020-12-06 11:47:38] 
INFO [2020-12-06 11:47:38] $fill
INFO [2020-12-06 11:47:38] colors
INFO [2020-12-06 11:47:38] 
INFO [2020-12-06 11:47:38] $filename
INFO [2020-12-06 11:47:38] NULL
INFO [2020-12-06 11:47:38] 
INFO [2020-12-06 11:47:38] $x
INFO [2020-12-06 11:47:38] list
INFO [2020-12-06 11:47:38] 
INFO [2020-12-06 11:47:38] $category.names
INFO [2020-12-06 11:47:38] input$contrastDegs1
INFO [2020-12-06 11:47:38] 
INFO [2020-12-06 11:47:38] $fill
INFO [2020-12-06 11:47:38] colors
INFO [2020-12-06 11:47:38] 
