INFO [2020-12-06 11:13:25] $filename
INFO [2020-12-06 11:13:25] NULL
INFO [2020-12-06 11:13:25] 
INFO [2020-12-06 11:13:25] $x
INFO [2020-12-06 11:13:25] list
INFO [2020-12-06 11:13:25] 
INFO [2020-12-06 11:13:25] $category.names
INFO [2020-12-06 11:13:25] input$contrastDegs1
INFO [2020-12-06 11:13:25] 
INFO [2020-12-06 11:13:25] $fill
INFO [2020-12-06 11:13:25] colors
INFO [2020-12-06 11:13:25] 
INFO [2020-12-06 11:13:25] $filename
INFO [2020-12-06 11:13:25] NULL
INFO [2020-12-06 11:13:25] 
INFO [2020-12-06 11:13:25] $x
INFO [2020-12-06 11:13:25] list
INFO [2020-12-06 11:13:25] 
INFO [2020-12-06 11:13:25] $category.names
INFO [2020-12-06 11:13:25] input$contrastDegs1
INFO [2020-12-06 11:13:25] 
INFO [2020-12-06 11:13:25] $fill
INFO [2020-12-06 11:13:25] colors
INFO [2020-12-06 11:13:25] 
INFO [2020-12-06 11:13:25] $filename
INFO [2020-12-06 11:13:25] NULL
INFO [2020-12-06 11:13:25] 
INFO [2020-12-06 11:13:25] $x
INFO [2020-12-06 11:13:25] list
INFO [2020-12-06 11:13:25] 
INFO [2020-12-06 11:13:25] $category.names
INFO [2020-12-06 11:13:25] input$contrastDegs1
INFO [2020-12-06 11:13:25] 
INFO [2020-12-06 11:13:25] $fill
INFO [2020-12-06 11:13:25] colors
INFO [2020-12-06 11:13:25] 
